<?xml version="1.0" encoding="UTF-8"?>
<!-- Generated by org.testng.reporters.JUnitXMLReporter -->
<testsuite ignored="0" hostname="DESKTOP-SMKDM8G" failures="1" tests="5" name="Test" time="14.575" errors="0" timestamp="2023-03-17T15:55:17 EDT">
  <testcase classname="tests.LoginPageTest" name="testLoginInvalidCredentials" time="0.774"/>
  <testcase classname="tests.LoginPageTest" name="testLoginWithEmptyCredentials" time="0.474"/>
  <testcase classname="tests.LoginPageTest" name="testLoginWithValidCredentialsByParameter" time="1.083"/>
  <testcase classname="tests.LoginPageTest" name="testLoginWithValidCredentialss" time="1.16"/>
  <testcase classname="tests.LoginPageTest" name="testLoginWithinValidCredentialsByParameter" time="0.414">
    <failure type="java.lang.AssertionError" message="Actual title is not equal to expected title expected [Web Orders] but found [Web Orders Login]">
      <![CDATA[java.lang.AssertionError: Actual title is not equal to expected title expected [Web Orders] but found [Web Orders Login]
at tests.LoginPageTest.testLoginWithinValidCredentialsByParameter(LoginPageTest.java:73)
at java.base/java.util.ArrayList.forEach(ArrayList.java:1511)
... Removed 32 stack frames]]>
    </failure>
  </testcase> <!-- testLoginWithinValidCredentialsByParameter -->
</testsuite> <!-- Test -->
